<?xml version="1.0" encoding="UTF-8"?>
<!-- Generated by org.testng.reporters.JUnitReportReporter -->
<testsuite hostname="DESKTOP-DECDQP2" failures="0" tests="11" name="TestNGFrameWork.TestNGFrameWork.Resassured" time="4.910" errors="0" timestamp="27 May 2021 07:33:12 GMT" skipped="9">
  <testcase classname="TestNGFrameWork.TestNGFrameWork.Resassured" name="pojoexample" time="0.896"/>
  <testcase classname="TestNGFrameWork.TestNGFrameWork.Resassured" name="deletemethod" time="4.014"/>
  <testcase classname="TestNGFrameWork.TestNGFrameWork.Resassured" name="jsonbody">
    <skipped/>
  </testcase> <!-- jsonbody -->
  <testcase classname="TestNGFrameWork.TestNGFrameWork.Resassured" name="putmethod">
    <skipped/>
  </testcase> <!-- putmethod -->
  <testcase classname="TestNGFrameWork.TestNGFrameWork.Resassured" name="assertmethod">
    <skipped/>
  </testcase> <!-- assertmethod -->
  <testcase classname="TestNGFrameWork.TestNGFrameWork.Resassured" name="patchmethod">
    <skipped/>
  </testcase> <!-- patchmethod -->
  <testcase classname="TestNGFrameWork.TestNGFrameWork.Resassured" name="getmethod">
    <skipped/>
  </testcase> <!-- getmethod -->
  <testcase classname="TestNGFrameWork.TestNGFrameWork.Resassured" name="test1">
    <skipped/>
  </testcase> <!-- test1 -->
  <testcase classname="TestNGFrameWork.TestNGFrameWork.Resassured" name="postmethod">
    <skipped/>
  </testcase> <!-- postmethod -->
  <testcase classname="TestNGFrameWork.TestNGFrameWork.Resassured" name="fetchjsonfile">
    <skipped/>
  </testcase> <!-- fetchjsonfile -->
  <testcase classname="TestNGFrameWork.TestNGFrameWork.Resassured" name="assertions">
    <skipped/>
  </testcase> <!-- assertions -->
</testsuite> <!-- TestNGFrameWork.TestNGFrameWork.Resassured -->
