<?xml version="1.0" encoding="UTF-8"?>
<!-- Generated by org.testng.reporters.JUnitReportReporter -->
<testsuite hostname="DESKTOP-DECDQP2" failures="0" tests="1" name="TestNGFrameWork.TestNGFrameWork.CaseOne" time="4.000" errors="0" timestamp="31 May 2021 10:22:04 GMT" skipped="0">
  <testcase classname="TestNGFrameWork.TestNGFrameWork.CaseOne" name="test1" time="4.000"/>
</testsuite> <!-- TestNGFrameWork.TestNGFrameWork.CaseOne -->
