<?xml version="1.0" encoding="UTF-8"?>
<!-- Generated by org.testng.reporters.JUnitReportReporter -->
<testsuite hostname="DESKTOP-DECDQP2" failures="0" tests="1" name="TestNGFrameWork.TestNGFrameWork.AppTest" time="0.023" errors="0" timestamp="24 May 2021 07:00:12 GMT" skipped="0">
  <testcase classname="TestNGFrameWork.TestNGFrameWork.AppTest" name="shouldAnswerWithTrue" time="0.023"/>
</testsuite> <!-- TestNGFrameWork.TestNGFrameWork.AppTest -->
