<?xml version="1.0" encoding="UTF-8"?>
<!-- Generated by org.testng.reporters.JUnitReportReporter -->
<testsuite hostname="DESKTOP-DECDQP2" failures="0" tests="1" name="TestNGFrameWork.TestNGFrameWork.CaseTwo" time="4.344" errors="0" timestamp="31 May 2021 10:37:41 GMT" skipped="0">
  <testcase classname="TestNGFrameWork.TestNGFrameWork.CaseTwo" name="soapexample" time="4.344"/>
</testsuite> <!-- TestNGFrameWork.TestNGFrameWork.CaseTwo -->
